-------------------------------------------------------------------------------
Test set: com.quinbay.SpringBookUser.bookuser.BookuserApplicationTests
-------------------------------------------------------------------------------
Tests run: 1, Failures: 0, Errors: 1, Skipped: 0, Time elapsed: 7.812 s <<< FAILURE! - in com.quinbay.SpringBookUser.bookuser.BookuserApplicationTests
contextLoads  Time elapsed: 0.009 s  <<< ERROR!
java.lang.IllegalStateException: Failed to load ApplicationContext
Caused by: org.springframework.beans.factory.BeanCreationException: Error creating bean with name 'entityManagerFactory' defined in class path resource [org/springframework/boot/autoconfigure/orm/jpa/HibernateJpaConfiguration.class]: Invocation of init method failed; nested exception is org.hibernate.AnnotationException: No identifier specified for entity: com.quinbay.SpringBookUser.bookuser.dto.UserBookHistory
Caused by: org.hibernate.AnnotationException: No identifier specified for entity: com.quinbay.SpringBookUser.bookuser.dto.UserBookHistory

